make all --print-data-base --no-builtin-variables --no-builtin-rules --question
# GNU Make 4.2.1
# Built for x86_64-pc-linux-gnu
# Copyright (C) 1988-2016 Free Software Foundation, Inc.
# License GPLv3+: GNU GPL version 3 or later <http://gnu.org/licenses/gpl.html>
# This is free software: you are free to change and redistribute it.
# There is NO WARRANTY, to the extent permitted by law.

# Make data base, printed on Fri Jun 17 10:21:01 2022

# Variables

# automatic
<D = $(patsubst %/,%,$(dir $<))
# automatic
?F = $(notdir $?)
# environment
DESKTOP_SESSION = xfce
# default
.SHELLFLAGS := -c
# makefile (from '../../make/target_system.mk', line 139)
LIB_OBJS_DIR = $(LIB60870_HOME)/build
# environment
XDG_SESSION_CLASS = user
# environment
XDG_SESSION_TYPE = x11
# environment
VSCODE_LOG_NATIVE = false
# makefile (from '../../make/target_system.mk', line 19)
TARGET = POSIX
# automatic
?D = $(patsubst %/,%,$(dir $?))
# makefile (from '../../make/stack_includes.mk', line 4)
INCLUDES = -I$(LIB60870_HOME)/src/inc/api -I$(LIB60870_HOME)/src/hal/inc -I$(LIB60870_HOME)/src/tls -I$(LIB60870_HOME)/src/GUI
# automatic
@D = $(patsubst %/,%,$(dir $@))
# environment
XAUTHORITY = /home/oscar/.Xauthority
# environment
GDMSESSION = xfce
# default
MAKE_VERSION := 4.2.1
# makefile
CURDIR := /home/intsec/InterSecureModel/comlib_dss/sgdevices/RTU
# makefile
 
SHELL = /bin/sh
# environment
GDM_LANG = en_US
# environment
VSCODE_NLS_CONFIG = {"locale":"en-us","availableLanguages":{},"_languagePackSupport":true}
# makefile (from '../../make/target_system.mk', line 168)
TEST_NAME = $(LIB_OBJS_DIR)/tests.exe
# environment
_ = /usr/share/code/code
# makefile (from '../../make/target_system.mk', line 142)
CFLAGS = -g 
# environment
XDG_CONFIG_DIRS = /etc/xdg/xdg-xfce:/etc/xdg:/etc/xdg
# makefile (from '../../make/target_system.mk', line 182)
DYN_LIB_NAME = $(LIB_OBJS_DIR)/lib60870.so
# makefile (from '../../make/common_targets.mk', line 1)
MAKEFILE_LIST :=  Makefile ../../make/target_system.mk ../../make/stack_includes.mk ../../make/common_targets.mk
# automatic
@F = $(notdir $@)
# 'override' directive
GNUMAKEFLAGS := 
# environment
MAKELEVEL := 0
# environment
MANDATORY_PATH = /usr/share/gconf/xfce.mandatory.path
# environment
XDG_DATA_DIRS = /usr/share/xfce4:/usr/local/share/:/usr/share/:/usr/share
# environment
DBUS_SESSION_BUS_ADDRESS = unix:path=/run/user/1000/bus
# environment
VSCODE_VERBOSE_LOGGING = true
# makefile (from 'Makefile', line 4)
PROJECT_SOURCES = rtu.c
# makefile (from '../../make/target_system.mk', line 11)
MINGW_TOOLCHAIN_PREFIX = i686-w64-mingw32-
# environment
VSCODE_IPC_HOOK_EXTHOST = /run/user/1000/vscode-ipc-a3c61eef-1745-4521-8028-d0952bf73ca1.sock
# environment
LC_NAME = fr_FR.UTF-8
# makefile (from '../../make/target_system.mk', line 150)
CPP = $(TOOLCHAIN_PREFIX)g++
# environment
VSCODE_CWD = /home/oscar
# makefile (from 'Makefile', line 3)
PROJECT_BINARY_NAME = rtu
# environment
XDG_SESSION_PATH = /org/freedesktop/DisplayManager/Session0
# default
MAKE_HOST := x86_64-pc-linux-gnu
# environment
PATH = /usr/local/sbin:/usr/local/bin:/usr/sbin:/usr/bin:/sbin:/bin:/usr/games:/usr/local/games:/snap/bin
# environment
SESSION_MANAGER = local/oscar-Lenovo-YOGA-510-14ISK:@/tmp/.ICE-unix/2013,unix/oscar-Lenovo-YOGA-510-14ISK:/tmp/.ICE-unix/2013
# environment
XDG_RUNTIME_DIR = /run/user/1000
# makefile (from '../../make/target_system.mk', line 158)
AR = $(TOOLCHAIN_PREFIX)ar
# environment
XDG_MENU_PREFIX = xfce-
# environment
VSCODE_LOG_STACK = false
# environment
ELECTRON_RUN_AS_NODE = 1
# makefile (from '../../make/target_system.mk', line 126)
LDLIBS = -lpthread
# default
.FEATURES := target-specific order-only second-expansion else-if shortest-stem undefine oneshell archives jobserver output-sync check-symlink load
# environment
XDG_GREETER_DATA_DIR = /var/lib/lightdm-data/oscar
# environment
XDG_SESSION_DESKTOP = xfce
# environment
SSH_AUTH_SOCK = /tmp/ssh-23ZKxADjl3mp/agent.1900
# automatic
%F = $(notdir $%)
# environment
DISPLAY = :0.0
# environment
VSCODE_PIPE_LOGGING = true
# environment
PWD = /home/intsec/InterSecureModel/comlib_dss/sgdevices/RTU
# environment
QT_QPA_PLATFORMTHEME = qt5ct
# default
.LOADED := 
# environment
XDG_SEAT = seat0
# environment
SSH_AGENT_PID = 1993
# environment
ORIGINAL_XDG_CURRENT_DESKTOP = XFCE
# environment
GTK_MODULES = :canberra-gtk-module:canberra-gtk-module
# environment
VSCODE_AMD_ENTRYPOINT = vs/workbench/api/node/extensionHostProcess
# environment
HOME = /home/oscar
# makefile (from '../../make/target_system.mk', line 12)
MINGW64_TOOLCHAIN_PREFIX = x86_64-w64-mingw32-
# environment
VSCODE_CODE_CACHE_PATH = /home/oscar/.config/Code/CachedData/c3511e6c69bb39013c4a4b7b9566ec1ca73fc4d5
# environment
LOGNAME = oscar
# environment
APPLICATION_INSIGHTS_NO_DIAGNOSTIC_CHANNEL = 1
# makefile (from '../../make/target_system.mk', line 159)
RANLIB = $(TOOLCHAIN_PREFIX)ranlib
# automatic
+F = $(notdir $+)
# environment
VSCODE_HANDLES_UNCAUGHT_ERRORS = true
# automatic
 
^D = $(patsubst %/,%,$(dir $^))
# environment
XDG_VTNR = 7
# environment
 
LC_TIME = fr_FR.UTF-8
# default
MAKE = $(MAKE_COMMAND)
# default
MAKECMDGOALS := all
# environment
SHLVL = 1
# makefile (from '../../make/target_system.mk', line 149)
CC = $(TOOLCHAIN_PREFIX)gcc
# environment
XDG_SESSION_ID = c2
# environment
USER = oscar
# environment
LC_MONETARY = fr_FR.UTF-8
# makefile
.DEFAULT_GOAL := all
# environment
XDG_CURRENT_DESKTOP = XFCE
# makefile (from '../../make/target_system.mk', line 1)
UNAME := Linux
# makefile (from '../../make/target_system.mk', line 145)
DYNLIB_LDFLAGS = -lpthread
# automatic
%D = $(patsubst %/,%,$(dir $%))
# environment
LC_TELEPHONE = fr_FR.UTF-8
# makefile (from '../../make/target_system.mk', line 15)
POWERPC_TOOLCHAIN_PREFIX = powerpc-linux-gnu-
# default
MAKE_COMMAND := make
# makefile (from '../../make/target_system.mk', line 7)
ARM_TOOLCHAIN_PREFIX = arm-linux-gnueabihf-
# default
.VARIABLES := 
# automatic
*F = $(notdir $*)
# environment
LANGUAGE = en_US
# environment
XDG_SEAT_PATH = /org/freedesktop/DisplayManager/Seat0
# environment
VSCODE_IPC_HOOK = /run/user/1000/vscode-b6f35f9c-1.67.2-main.sock
# makefile
MAKEFLAGS = pqrR
# environment
MFLAGS = -pqrR
# automatic
*D = $(patsubst %/,%,$(dir $*))
# automatic
+D = $(patsubst %/,%,$(dir $+))
# makefile (from 'Makefile', line 1)
LIB60870_HOME = ../..
# environment
GDK_BACKEND = x11
# environment
LC_PAPER = fr_FR.UTF-8
# environment
QT_ACCESSIBILITY = 1
# environment
DEFAULTS_PATH = /usr/share/gconf/xfce.default.path
# makefile (from '../../make/target_system.mk', line 122)
HAL_IMPL = POSIX
# 'override' directive
 
.SHELLSTATUS := 0
# default
MAKEFILES := 
# environment
LC_NUMERIC = fr_FR.UTF-8
# automatic
<F = $(notdir $<)
# environment
LC_MEASUREMENT = fr_FR.UTF-8
# environment
LC_ALL = C
 
# makefile (from '../../make/target_system.mk', line 9)
UCLINUX_XPORT_TOOLCHAIN_PREFIX = m68k-uclinux-
# makefile (from '../../make/target_system.mk', line 3)
MIPSEL_TOOLCHAIN_PREFIX = mipsel-openwrt-linux-
# makefile (from '../../make/target_system.mk', line 8)
UCLINUX_ARM_TOOLCHAIN_PREFIX = arm-uclinux-elf-
# automatic
^F = $(notdir $^)
# default
SUFFIXES := 
# makefile (from '../../make/target_system.mk', line 166)
LIB_NAME = $(LIB_OBJS_DIR)/lib60870.a
# environment
CHROME_DESKTOP = code-url-handler.desktop
# default
.INCLUDE_DIRS = /usr/include /usr/local/include /usr/include
# environment
LC_IDENTIFICATION = fr_FR.UTF-8
# default
.RECIPEPREFIX := 
# environment
LC_ADDRESS = fr_FR.UTF-8
# environment
LANG = C
# environment
VSCODE_PID = 3224
# variable set hash-table stats:
# Load=125/1024=12%, Rehash=0, Collisions=20/204=10%

# Pattern-specific Variable Values

# No pattern-specific variable values.

# Directories

# . (device 2050, inode 9439484): 7 files, no impossibilities.

# 7 files, no impossibilities in 1 directories.

# Implicit Rules

# No implicit rules.

# Files

# Not a target:
../../make/common_targets.mk:
#  Implicit rule search has been done.
#  Last modified 2019-10-25 17:54:22
#  File has been updated.
#  Successfully updated.

all: rtu
#  Command line target.
#  Implicit rule search has been done.
#  File does not exist.
#  File has been updated.
#  Successfully updated.

../../build/lib60870.a:
#  Implicit rule search has not been done.
#  Last modified 2021-06-21 12:41:52
#  File has been updated.
#  Successfully updated.
#  recipe to execute (from '../../make/common_targets.mk', line 2):
		cd $(LIB60870_HOME); $(MAKE) -f Makefile

# Not a target:
Makefile:
#  Implicit rule search has been done.
#  Last modified 2021-04-29 14:43:22
#  File has been updated.
#  Successfully updated.

# Not a target:
../../make/stack_includes.mk:
#  Implicit rule search has been done.
#  Last modified 2022-05-24 10:26:20.285015932
#  File has been updated.
#  Successfully updated.

lib: ../../build/lib60870.a
#  Implicit rule search has not been done.
#  Modification time never checked.
#  File has not been updated.
#  recipe to execute (from '../../make/common_targets.mk', line 5):
	

rtu: rtu.c ../../build/lib60870.a
#  Implicit rule search has not been done.
#  Last modified 2022-01-13 14:12:27
#  File has been updated.
#  Successfully updated.
#  recipe to execute (from 'Makefile', line 15):
	$(CC) $(CFLAGS) $(LDFLAGS) -g -o $(PROJECT_BINARY_NAME) $(PROJECT_SOURCES) $(INCLUDES) $(LIB_NAME) $(LDLIBS)

# Not a target:
.DEFAULT:
#  Implicit rule search has not been done.
#  Modification time never checked.
#  File has not been updated.

# Not a target:
../../make/target_system.mk:
#  Implicit rule search has been done.
#  Last modified 2019-10-25 17:54:22
#  File has been updated.
#  Successfully updated.

clean:
#  Implicit rule search has not been done.
#  Modification time never checked.
#  File has not been updated.
#  recipe to execute (from 'Makefile', line 18):
	rm -f $(PROJECT_BINARY_NAME)

libclean: clean
#  Implicit rule search has not been done.
#  Modification time never checked.
#  File has not been updated.
#  recipe to execute (from '../../make/common_targets.mk', line 7):
	cd $(LIB60870_HOME); $(MAKE) -f Makefile clean

# Not a target:
rtu.c:
#  Implicit rule search has been done.
#  Last modified 2022-01-13 14:12:19
#  File has been updated.
#  Successfully updated.

# files hash-table stats:
# Load=13/1024=1%, Rehash=0, Collisions=0/34=0%
# VPATH Search Paths

# No 'vpath' search paths.

# No general ('VPATH' variable) search path.

# strcache buffers: 1 (0) / strings = 19 / storage = 230 B / avg = 12 B
# current buf: size = 8162 B / used = 230 B / count = 19 / avg = 12 B

# strcache performance: lookups = 39 / hit rate = 51%
# hash-table stats:
# Load=19/8192=0%, Rehash=0, Collisions=1/39=3%
# Finished Make data base on Fri Jun 17 10:21:01 2022

 
